<?xml version="1.0" encoding="UTF-8"?>
<testsuite name="iplpackage.BatsmanAdapterTest" tests="1" skipped="1" failures="0" errors="0" timestamp="2019-12-24T13:39:50" hostname="admin1-desktop" time="80.315">
  <properties/>
  <testcase name="givenClassShouldLoadFileforBattingandbowling_AndReturnAverageOfBatsman" classname="iplpackage.BatsmanAdapterTest" time="80.315">
    <skipped/>
  </testcase>
  <system-out><![CDATA[iplpackage.IPLBatsmenCSV
]]></system-out>
  <system-err><![CDATA[]]></system-err>
</testsuite>
