<?xml version="1.0" encoding="UTF-8"?>
<testsuite name="iplpackage.BatsmanAdapterTest" tests="1" skipped="0" failures="0" errors="0" timestamp="2019-12-24T13:34:54" hostname="admin1-desktop" time="0.282">
  <properties/>
  <testcase name="givenClassShouldLoadFile_Returnrecords" classname="iplpackage.BatsmanAdapterTest" time="0.282"/>
  <system-out><![CDATA[iplpackage.IPLBatsmenCSV
]]></system-out>
  <system-err><![CDATA[]]></system-err>
</testsuite>
