<?xml version="1.0" encoding="UTF-8"?>
<testsuite name="iplpackage.IplAnalyserTest" tests="17" skipped="0" failures="1" errors="0" timestamp="2019-12-23T10:31:07" hostname="admin1-LIVA-Z2V" time="5.04">
  <properties/>
  <testcase name="givenIPLTestFile_ShouldReturnOutput_OfHighestAverageRate" classname="iplpackage.IplAnalyserTest" time="0.923"/>
  <testcase name="givenIPLFile_ShouldReturnOutput_WithGreatAveragesAndHighestStrikeRate" classname="iplpackage.IplAnalyserTest" time="0.354"/>
  <testcase name="givenIPLCsvFile_ShouldReturn_ExactCount" classname="iplpackage.IplAnalyserTest" time="0.383"/>
  <testcase name="givenIPLBowlerFile_ShouldReturnOutput_WithMaximumStrikeRateInBowlers" classname="iplpackage.IplAnalyserTest" time="0.436"/>
  <testcase name="givenIPLCsvFileForHeaderIssue_ShouldReturnException" classname="iplpackage.IplAnalyserTest" time="0.003"/>
  <testcase name="givenIPLWrongCsvFileType_ShouldReturnException" classname="iplpackage.IplAnalyserTest" time="0.155"/>
  <testcase name="givenIPLBowlerFile_ShouldReturnOutput_WithBestBowlingAverageWithBestStrikeRateInBowlers" classname="iplpackage.IplAnalyserTest" time="0.357"/>
  <testcase name="givenIPLWrongCsvFile_ShouldReturnException" classname="iplpackage.IplAnalyserTest" time="0.002"/>
  <testcase name="givenIPLFile_ShouldReturnOutput_WithMaximumRunsAndBestAverage" classname="iplpackage.IplAnalyserTest" time="0.302"/>
  <testcase name="givenIPLFile_ShouldReturnOutput_MaximumFoursAndSix" classname="iplpackage.IplAnalyserTest" time="0.31"/>
  <testcase name="givenIPLFile_ShouldReturnOutput_HighestStrikeRate_WithMaximumFoursAndSixes" classname="iplpackage.IplAnalyserTest" time="0.275"/>
  <testcase name="givenIPLBowlerFile_ShouldReturnOutput_WithMaximumAverageInBowlers" classname="iplpackage.IplAnalyserTest" time="0.318"/>
  <testcase name="givenIPLBowlerFile_ShouldReturnOutput_WithMaximumWicketsWithBestAverageInBowlers" classname="iplpackage.IplAnalyserTest" time="0.559">
    <failure message="org.junit.ComparisonFailure: expected:&lt;[Andre Rusell ]&gt; but was:&lt;[MS Dhoni]&gt;" type="org.junit.ComparisonFailure">org.junit.ComparisonFailure: expected:&lt;[Andre Rusell ]&gt; but was:&lt;[MS Dhoni]&gt;
	at org.junit.Assert.assertEquals(Assert.java:115)
	at org.junit.Assert.assertEquals(Assert.java:144)
	at iplpackage.IplAnalyserTest.givenIPLBowlerFile_ShouldReturnOutput_WithMaximumWicketsWithBestAverageInBowlers(IplAnalyserTest.java:228)
	at java.base/jdk.internal.reflect.NativeMethodAccessorImpl.invoke0(Native Method)
	at java.base/jdk.internal.reflect.NativeMethodAccessorImpl.invoke(NativeMethodAccessorImpl.java:62)
	at java.base/jdk.internal.reflect.DelegatingMethodAccessorImpl.invoke(DelegatingMethodAccessorImpl.java:43)
	at java.base/java.lang.reflect.Method.invoke(Method.java:566)
	at org.junit.runners.model.FrameworkMethod$1.runReflectiveCall(FrameworkMethod.java:50)
	at org.junit.internal.runners.model.ReflectiveCallable.run(ReflectiveCallable.java:12)
	at org.junit.runners.model.FrameworkMethod.invokeExplosively(FrameworkMethod.java:47)
	at org.junit.internal.runners.statements.InvokeMethod.evaluate(InvokeMethod.java:17)
	at org.junit.runners.ParentRunner.runLeaf(ParentRunner.java:325)
	at org.junit.runners.BlockJUnit4ClassRunner.runChild(BlockJUnit4ClassRunner.java:78)
	at org.junit.runners.BlockJUnit4ClassRunner.runChild(BlockJUnit4ClassRunner.java:57)
	at org.junit.runners.ParentRunner$3.run(ParentRunner.java:290)
	at org.junit.runners.ParentRunner$1.schedule(ParentRunner.java:71)
	at org.junit.runners.ParentRunner.runChildren(ParentRunner.java:288)
	at org.junit.runners.ParentRunner.access$000(ParentRunner.java:58)
	at org.junit.runners.ParentRunner$2.evaluate(ParentRunner.java:268)
	at org.junit.runners.ParentRunner.run(ParentRunner.java:363)
	at org.gradle.api.internal.tasks.testing.junit.JUnitTestClassExecutor.runTestClass(JUnitTestClassExecutor.java:110)
	at org.gradle.api.internal.tasks.testing.junit.JUnitTestClassExecutor.execute(JUnitTestClassExecutor.java:58)
	at org.gradle.api.internal.tasks.testing.junit.JUnitTestClassExecutor.execute(JUnitTestClassExecutor.java:38)
	at org.gradle.api.internal.tasks.testing.junit.AbstractJUnitTestClassProcessor.processTestClass(AbstractJUnitTestClassProcessor.java:62)
	at org.gradle.api.internal.tasks.testing.SuiteTestClassProcessor.processTestClass(SuiteTestClassProcessor.java:51)
	at java.base/jdk.internal.reflect.NativeMethodAccessorImpl.invoke0(Native Method)
	at java.base/jdk.internal.reflect.NativeMethodAccessorImpl.invoke(NativeMethodAccessorImpl.java:62)
	at java.base/jdk.internal.reflect.DelegatingMethodAccessorImpl.invoke(DelegatingMethodAccessorImpl.java:43)
	at java.base/java.lang.reflect.Method.invoke(Method.java:566)
	at org.gradle.internal.dispatch.ReflectionDispatch.dispatch(ReflectionDispatch.java:35)
	at org.gradle.internal.dispatch.ReflectionDispatch.dispatch(ReflectionDispatch.java:24)
	at org.gradle.internal.dispatch.ContextClassLoaderDispatch.dispatch(ContextClassLoaderDispatch.java:32)
	at org.gradle.internal.dispatch.ProxyDispatchAdapter$DispatchingInvocationHandler.invoke(ProxyDispatchAdapter.java:93)
	at com.sun.proxy.$Proxy2.processTestClass(Unknown Source)
	at org.gradle.api.internal.tasks.testing.worker.TestWorker.processTestClass(TestWorker.java:118)
	at java.base/jdk.internal.reflect.NativeMethodAccessorImpl.invoke0(Native Method)
	at java.base/jdk.internal.reflect.NativeMethodAccessorImpl.invoke(NativeMethodAccessorImpl.java:62)
	at java.base/jdk.internal.reflect.DelegatingMethodAccessorImpl.invoke(DelegatingMethodAccessorImpl.java:43)
	at java.base/java.lang.reflect.Method.invoke(Method.java:566)
	at org.gradle.internal.dispatch.ReflectionDispatch.dispatch(ReflectionDispatch.java:35)
	at org.gradle.internal.dispatch.ReflectionDispatch.dispatch(ReflectionDispatch.java:24)
	at org.gradle.internal.remote.internal.hub.MessageHubBackedObjectConnection$DispatchWrapper.dispatch(MessageHubBackedObjectConnection.java:175)
	at org.gradle.internal.remote.internal.hub.MessageHubBackedObjectConnection$DispatchWrapper.dispatch(MessageHubBackedObjectConnection.java:157)
	at org.gradle.internal.remote.internal.hub.MessageHub$Handler.run(MessageHub.java:404)
	at org.gradle.internal.concurrent.ExecutorPolicy$CatchAndRecordFailures.onExecute(ExecutorPolicy.java:63)
	at org.gradle.internal.concurrent.ManagedExecutorImpl$1.run(ManagedExecutorImpl.java:46)
	at java.base/java.util.concurrent.ThreadPoolExecutor.runWorker(ThreadPoolExecutor.java:1128)
	at java.base/java.util.concurrent.ThreadPoolExecutor$Worker.run(ThreadPoolExecutor.java:628)
	at org.gradle.internal.concurrent.ThreadFactoryImpl$ManagedThreadRunnable.run(ThreadFactoryImpl.java:55)
	at java.base/java.lang.Thread.run(Thread.java:834)
</failure>
  </testcase>
  <testcase name="givenIPLBowlerFile_ShouldReturnOutput_WithBestStrikeRateWith4Wand5wWicketHaulInBowlers" classname="iplpackage.IplAnalyserTest" time="0.349"/>
  <testcase name="givenIPLBowlerFile_ShouldReturnOutput_WithBestEconomyInBowlers" classname="iplpackage.IplAnalyserTest" time="0.266"/>
  <testcase name="givenIPCsvFileForDelimiterIssue_ShouldReturnException" classname="iplpackage.IplAnalyserTest" time="0.002"/>
  <testcase name="givenIPLTestFile_ShouldReturnOutput" classname="iplpackage.IplAnalyserTest" time="0.019"/>
  <system-out><![CDATA[iplpackage.IPLBatsmenCSV
iplpackage.IPLBatsmenCSV
iplpackage.IPLBatsmenCSV
iplpackage.IPLBowler
iplpackage.IPLBatsmenCSV
iplpackage.IPLBowler
iplpackage.IPLBatsmenCSV
iplpackage.IPLBatsmenCSV
iplpackage.IPLBatsmenCSV
iplpackage.IPLBowler
iplpackage.IPLBatsmenCSV
iplpackage.IPLBowler
iplpackage.IPLBowler
iplpackage.IPLBatsmenCSV
]]></system-out>
  <system-err><![CDATA[]]></system-err>
</testsuite>
