<?xml version="1.0" encoding="UTF-8"?>
<testsuite name="iplpackage.MockitoClass" tests="1" skipped="0" failures="0" errors="0" timestamp="2019-12-24T13:15:24" hostname="admin1-desktop" time="0.077">
  <properties/>
  <testcase name="givenIPLTestFile_ShouldReturnOutput_OfHighestAverageRate" classname="iplpackage.MockitoClass" time="0.077"/>
  <system-out><![CDATA[]]></system-out>
  <system-err><![CDATA[]]></system-err>
</testsuite>
