<?xml version="1.0" encoding="UTF-8"?>
<testsuite name="iplpackage.MockitoClass" tests="1" skipped="0" failures="0" errors="0" timestamp="2019-12-24T13:26:01" hostname="admin1-desktop" time="0.072">
  <properties/>
  <testcase name="givenIPLFile_ShouldReturnOutput_HighestStrikeRate_WithMaximumFoursAndSixes" classname="iplpackage.MockitoClass" time="0.072"/>
  <system-out><![CDATA[]]></system-out>
  <system-err><![CDATA[]]></system-err>
</testsuite>
