<?xml version="1.0" encoding="UTF-8"?>
<testsuite name="IplAnalyserTest" tests="11" skipped="0" failures="0" errors="0" timestamp="2019-12-20T12:09:59" hostname="admin1-LIVA-Z2V" time="2.529">
  <properties/>
  <testcase name="givenIPLTestFile_ShouldReturnOutput_OfHighestAverageRate" classname="IplAnalyserTest" time="1.027"/>
  <testcase name="givenIPLFile_ShouldReturnOutput_WithGreatAveragesAndHighestStrikeRate" classname="IplAnalyserTest" time="0.399"/>
  <testcase name="givenIPLCsvFile_ShouldReturn_ExactCount" classname="IplAnalyserTest" time="0.34"/>
  <testcase name="givenIPLCsvFileForHeaderIssue_ShouldReturnException" classname="IplAnalyserTest" time="0.003"/>
  <testcase name="givenIPLWrongCsvFileType_ShouldReturnException" classname="IplAnalyserTest" time="0.071"/>
  <testcase name="givenIPLWrongCsvFile_ShouldReturnException" classname="IplAnalyserTest" time="0.007"/>
  <testcase name="givenIPLFile_ShouldReturnOutput_WithMaximumRunsAndBestAverage" classname="IplAnalyserTest" time="0.041"/>
  <testcase name="givenIPLFile_ShouldReturnOutput_MaximumFoursAndSix" classname="IplAnalyserTest" time="0.505"/>
  <testcase name="givenIPLFile_ShouldReturnOutput_HighestStrikeRate_WithMaximumFoursAndSixes" classname="IplAnalyserTest" time="0.067"/>
  <testcase name="givenIPCsvFileForDelimiterIssue_ShouldReturnException" classname="IplAnalyserTest" time="0.019"/>
  <testcase name="givenIPLTestFile_ShouldReturnOutput" classname="IplAnalyserTest" time="0.046"/>
  <system-out><![CDATA[IPLBatsmenCSV
IPLBatsmenCSV
IPLBatsmenCSV
IPLBatsmenCSV
IPLBatsmenCSV
IPLBatsmenCSV
IPLBatsmenCSV
]]></system-out>
  <system-err><![CDATA[]]></system-err>
</testsuite>
